Looking for git in: git
Using git 2.17.1 from git
> git rev-parse --show-toplevel
> git rev-parse --git-dir
Open repository: /home/santam
> git status -z -u
> git check-ignore -v -z --stdin
> git check-ignore -v -z --stdin
> git check-ignore -v -z --stdin
> git check-ignore -v -z --stdin
> git show :Documents/Projects/inquest/src/index.js
> git ls-files --stage -- /home/santam/Documents/Projects/inquest/src/index.js
> git show :Documents/Projects/inquest/src/index.css
> git ls-files --stage -- /home/santam/Documents/Projects/inquest/src/index.css
> git show :Documents/Projects/inquest/src/index.js
> git ls-files --stage -- /home/santam/Documents/Projects/inquest/src/index.js
> git show :Documents/Projects/inquest/src/index.js
> git ls-files --stage -- /home/santam/Documents/Projects/inquest/src/index.js
> git show :Documents/Projects/inquest/src/serviceWorker.js
> git ls-files --stage -- /home/santam/Documents/Projects/inquest/src/serviceWorker.js
> git show :Documents/Projects/inquest/src/index.js
> git ls-files --stage -- /home/santam/Documents/Projects/inquest/src/index.js
> git show :Documents/Projects/inquest/src/logo.svg
> git ls-files --stage -- /home/santam/Documents/Projects/inquest/src/logo.svg
> git show :Documents/Projects/inquest/src/index.js
> git ls-files --stage -- /home/santam/Documents/Projects/inquest/src/index.js
> git show :Documents/Projects/inquest/src/App.js
> git ls-files --stage -- /home/santam/Documents/Projects/inquest/src/App.js
> git show :Documents/Projects/inquest/src/index.js
> git ls-files --stage -- /home/santam/Documents/Projects/inquest/src/index.js
> git show :Documents/Projects/inquest/src/App.test.js
> git ls-files --stage -- /home/santam/Documents/Projects/inquest/src/App.test.js
> git show :Documents/Projects/inquest/src/App.js
> git ls-files --stage -- /home/santam/Documents/Projects/inquest/src/App.js
> git show :Documents/Projects/inquest/src/App.test.js
> git ls-files --stage -- /home/santam/Documents/Projects/inquest/src/App.test.js
> git show :Documents/Projects/inquest/src/App.js
> git ls-files --stage -- /home/santam/Documents/Projects/inquest/src/App.js
> git check-ignore -v -z --stdin
> git check-ignore -v -z --stdin
> git show :Documents/Projects/inquest/public/index.html
> git ls-files --stage -- /home/santam/Documents/Projects/inquest/public/index.html
> git check-ignore -v -z --stdin
> git show :Documents/Projects/inquest/public/index.htm
> git ls-files --stage -- /home/santam/Documents/Projects/inquest/public/index.htm
> git show :Documents/Projects/inquest/src/App.js
> git ls-files --stage -- /home/santam/Documents/Projects/inquest/src/App.js
> git show :Documents/Projects/inquest/public/index.htm
> git ls-files --stage -- /home/santam/Documents/Projects/inquest/public/index.htm
> git show :Documents/Projects/inquest/src/index.js
> git ls-files --stage -- /home/santam/Documents/Projects/inquest/src/index.js
> git show :Documents/Projects/inquest/src/index.js
> git ls-files --stage -- /home/santam/Documents/Projects/inquest/src/index.js
> git show :Documents/Projects/inquest/src/index.js
> git ls-files --stage -- /home/santam/Documents/Projects/inquest/src/index.js
> git show :Documents/Projects/inquest/src/index.js
> git ls-files --stage -- /home/santam/Documents/Projects/inquest/src/index.js
> git show :Documents/Projects/inquest/src/App.css
> git ls-files --stage -- /home/santam/Documents/Projects/inquest/src/App.css
> git show :Documents/Projects/inquest/src/App.js
> git ls-files --stage -- /home/santam/Documents/Projects/inquest/src/App.js
> git show :Documents/Projects/inquest/src/index.js
> git ls-files --stage -- /home/santam/Documents/Projects/inquest/src/index.js
> git show :Documents/Projects/inquest/public/index.htm
> git ls-files --stage -- /home/santam/Documents/Projects/inquest/public/index.htm
> git show :Documents/Projects/inquest/public/index.html
> git ls-files --stage -- /home/santam/Documents/Projects/inquest/public/index.html
> git show :Documents/Projects/inquest/src/index.js
> git ls-files --stage -- /home/santam/Documents/Projects/inquest/src/index.js
> git show :Documents/Projects/inquest/public/index.html
> git ls-files --stage -- /home/santam/Documents/Projects/inquest/public/index.html
> git show :Documents/Projects/inquest/public/style.css
> git ls-files --stage -- /home/santam/Documents/Projects/inquest/public/style.css
> git check-ignore -v -z --stdin
> git show :Documents/Projects/inquest/public/index.html
> git ls-files --stage -- /home/santam/Documents/Projects/inquest/public/index.html
> git show :Documents/Projects/inquest/public/style.css
> git ls-files --stage -- /home/santam/Documents/Projects/inquest/public/style.css
> git show :Documents/Projects/inquest/public/index.html
> git ls-files --stage -- /home/santam/Documents/Projects/inquest/public/index.html
> git show :Documents/Projects/inquest/public/style.css
> git ls-files --stage -- /home/santam/Documents/Projects/inquest/public/style.css
> git show :Documents/Projects/inquest/public/index.html
> git ls-files --stage -- /home/santam/Documents/Projects/inquest/public/index.html
> git show :Documents/Projects/inquest/public/style.css
> git ls-files --stage -- /home/santam/Documents/Projects/inquest/public/style.css
> git show :Documents/Projects/inquest/public/index.html
> git ls-files --stage -- /home/santam/Documents/Projects/inquest/public/index.html
> git show :Documents/Projects/inquest/public/style.css
> git ls-files --stage -- /home/santam/Documents/Projects/inquest/public/style.css
> git show :Documents/Projects/inquest/public/index.html
> git ls-files --stage -- /home/santam/Documents/Projects/inquest/public/index.html
> git show :Documents/Projects/inquest/public/style.css
> git ls-files --stage -- /home/santam/Documents/Projects/inquest/public/style.css
> git show :Documents/Projects/inquest/public/index.html
> git ls-files --stage -- /home/santam/Documents/Projects/inquest/public/index.html
> git show :Documents/Projects/inquest/public/style.css
> git ls-files --stage -- /home/santam/Documents/Projects/inquest/public/style.css
> git show :Documents/Projects/inquest/public/index.html
> git ls-files --stage -- /home/santam/Documents/Projects/inquest/public/index.html
> git show :Documents/Projects/inquest/src/App.js
> git ls-files --stage -- /home/santam/Documents/Projects/inquest/src/App.js
> git show :Documents/Projects/inquest/public/index.html
> git ls-files --stage -- /home/santam/Documents/Projects/inquest/public/index.html
> git show :Documents/Projects/inquest/public/style.css
> git ls-files --stage -- /home/santam/Documents/Projects/inquest/public/style.css
> git show :Documents/Projects/inquest/public/index.html
> git ls-files --stage -- /home/santam/Documents/Projects/inquest/public/index.html
> git show :Documents/Projects/inquest/public/style.css
> git ls-files --stage -- /home/santam/Documents/Projects/inquest/public/style.css
> git show :Documents/Projects/inquest/public/index.html
> git ls-files --stage -- /home/santam/Documents/Projects/inquest/public/index.html
> git show :Documents/Projects/inquest/public/style.css
> git ls-files --stage -- /home/santam/Documents/Projects/inquest/public/style.css
> git show :Documents/Projects/inquest/public/index.html
> git ls-files --stage -- /home/santam/Documents/Projects/inquest/public/index.html
> git show :Documents/Projects/inquest/public/style.css
> git ls-files --stage -- /home/santam/Documents/Projects/inquest/public/style.css
> git show :Documents/Projects/inquest/public/index.html
> git ls-files --stage -- /home/santam/Documents/Projects/inquest/public/index.html
> git show :Documents/Projects/inquest/public/index.htm
> git ls-files --stage -- /home/santam/Documents/Projects/inquest/public/index.htm
> git show :Documents/Projects/inquest/public/index.html
> git ls-files --stage -- /home/santam/Documents/Projects/inquest/public/index.html
> git show :Documents/Projects/inquest/public/style.css
> git ls-files --stage -- /home/santam/Documents/Projects/inquest/public/style.css
> git show :Documents/Projects/inquest/src/index.js
> git ls-files --stage -- /home/santam/Documents/Projects/inquest/src/index.js
> git show :Documents/Projects/inquest/public/index.html
> git ls-files --stage -- /home/santam/Documents/Projects/inquest/public/index.html
> git show :Documents/Projects/inquest/public/style.css
> git ls-files --stage -- /home/santam/Documents/Projects/inquest/public/style.css
> git show :Documents/Projects/inquest/src/index.js
> git ls-files --stage -- /home/santam/Documents/Projects/inquest/src/index.js
> git show :Documents/Projects/inquest/public/style.css
> git ls-files --stage -- /home/santam/Documents/Projects/inquest/public/style.css
> git show :Documents/Projects/inquest/public/index.html
> git ls-files --stage -- /home/santam/Documents/Projects/inquest/public/index.html
> git show :Documents/Projects/inquest/src/App.js
> git ls-files --stage -- /home/santam/Documents/Projects/inquest/src/App.js
> git show :Documents/Projects/inquest/public/style.css
> git ls-files --stage -- /home/santam/Documents/Projects/inquest/public/style.css
> git show :Documents/Projects/inquest/public/index.html
> git ls-files --stage -- /home/santam/Documents/Projects/inquest/public/index.html
> git show :Documents/Projects/inquest/public/manifest.json
> git ls-files --stage -- /home/santam/Documents/Projects/inquest/public/manifest.json
> git show :Documents/Projects/inquest/public/robots.txt
> git ls-files --stage -- /home/santam/Documents/Projects/inquest/public/robots.txt
> git show :Documents/Projects/inquest/public/style.css
> git ls-files --stage -- /home/santam/Documents/Projects/inquest/public/style.css
> git show :Documents/Projects/inquest/README.md
> git ls-files --stage -- /home/santam/Documents/Projects/inquest/README.md
